
ASEM-51 V1.3                                         Copyright (c) 2002 by W.W. Heinz                                         PAGE 1





       MCS-51 Family Macro Assembler   A S E M - 5 1   V 1.3
       =====================================================



	Source File:	squarewave.asm
	Object File:	squarewave.hex
	List File:	squarewave.lst



 Line  I  Addr  Code            Source

    1:		N      8000	locat  EQU 8000h               ;Location for this program
    2:		N      8000	ORG    locat
    3:
    4:	  8000	A5 E5 E0 A5	DB     0A5h,0E5h,0E0h,0A5h     ;signiture bytes
    5:	  8004	23 FF 00 00	DB     35,255,0,0              ;id (35=prog)
    6:	  8008	00 00 00 00	DB     0,0,0,0                 ;prompt code vector
    7:	  800C	00 00 00 00	DB     0,0,0,0                 ;reserved
    8:	  8010	00 00 00 00	DB     0,0,0,0                 ;reserved
    9:	  8014	00 00 00 00	DB     0,0,0,0                 ;reserved
   10:	  8018	00 00 00 00	DB     0,0,0,0                 ;user defined
   11:	  801C	FF FF FF FF	DB     255,255,255,255         ;length and checksum (255=unused)
   12:	  8020	41 73 73 69	DB     "Assignment1",0	       ;max 31 characters, plus the zero
	  8024	67 6E 6D 65
	  8028	6E 74 31 00
   13:
   14:		N      8040	ORG    locat+64                ;executable code begins here
   15:
   16:				; Title: Square Wave Generator
   17:				; Description: Will produce a square wave
   18:				; Variables: idk
   19:				;   Inputs:
   20:				;   Outputs:
   21:				;   DataChanges:
   22:
   23:		N      0009	HALF_PERIOD EQU 9 ;User defined constant
   24:				; Running this at
   25:				; 1 would give a period of 10us
   26:				; 9 for a period of 37us
   27:				;
   28:
   29:	  8040			ON:
   30:	  8040	78 09		MOV R0, #HALF_PERIOD
   31:	  8042	D2 90		SETB P1.0
   32:	  8044	02 80 47	JMP DELAY
   33:
   34:	  8047			DELAY:
   35:	  8047	00		NOP
   36:	  8048	D8 FD		DJNZ R0,DELAY
   37:	  804A	02 80 4D	JMP OFF
   38:
   39:	  804D			OFF:
   40:	  804D	78 09		MOV R0, #HALF_PERIOD
   41:	  804F	C2 90		CLR P1.0

ASEM-51 V1.3                                         Copyright (c) 2002 by W.W. Heinz                                         PAGE 2



 Line  I  Addr  Code            Source

   42:	  8051	02 80 54	JMP DELAY2
   43:
   44:	  8054			DELAY2:
   45:	  8054	00		NOP
   46:	  8055	D8 FD		DJNZ R0,DELAY2
   47:	  8057	80 E7		JMP ON
   48:
   49:				END





                     register banks used:  ---

                     no errors




ASEM-51 V1.3                                         Copyright (c) 2002 by W.W. Heinz                                         PAGE 3





	       L I S T   O F   S Y M B O L S
	       =============================


SYMBOL				  TYPE     VALUE	LINE
------------------------------------------------------------
??ASEM_51			  NUMBER    8051
??VERSION			  NUMBER    0130
AC				  BIT	      D6
ACC				  DATA	      E0
B				  DATA	      F0
CY				  BIT	      D7
DELAY				  CODE	    8047	  34
DELAY2				  CODE	    8054	  44
DPH				  DATA	      83
DPL				  DATA	      82
EA				  BIT	      AF
ES				  BIT	      AC
ET0				  BIT	      A9
ET1				  BIT	      AB
EX0				  BIT	      A8
EX1				  BIT	      AA
EXTI0				  CODE	    0003
EXTI1				  CODE	    0013
F0				  BIT	      D5
HALF_PERIOD			  NUMBER    0009	  23
IE				  DATA	      A8
IE0				  BIT	      89
IE1				  BIT	      8B
INT0				  BIT	      B2
INT1				  BIT	      B3
IP				  DATA	      B8
IT0				  BIT	      88
IT1				  BIT	      8A
LOCAT				  NUMBER    8000	   1
OFF				  CODE	    804D	  39
ON				  CODE	    8040	  29
OV				  BIT	      D2
P				  BIT	      D0
P0				  DATA	      80
P1				  DATA	      90
P2				  DATA	      A0
P3				  DATA	      B0
PCON				  DATA	      87
PS				  BIT	      BC
PSW				  DATA	      D0
PT0				  BIT	      B9
PT1				  BIT	      BB
PX0				  BIT	      B8
PX1				  BIT	      BA
RB8				  BIT	      9A
RD				  BIT	      B7
REN				  BIT	      9C
RESET				  CODE	    0000
RI				  BIT	      98
RS0				  BIT	      D3

ASEM-51 V1.3                                         Copyright (c) 2002 by W.W. Heinz                                         PAGE 4



SYMBOL				  TYPE     VALUE	LINE
------------------------------------------------------------
RS1				  BIT	      D4
RXD				  BIT	      B0
SBUF				  DATA	      99
SCON				  DATA	      98
SINT				  CODE	    0023
SM0				  BIT	      9F
SM1				  BIT	      9E
SM2				  BIT	      9D
SP				  DATA	      81
T0				  BIT	      B4
T1				  BIT	      B5
TB8				  BIT	      9B
TCON				  DATA	      88
TF0				  BIT	      8D
TF1				  BIT	      8F
TH0				  DATA	      8C
TH1				  DATA	      8D
TI				  BIT	      99
TIMER0				  CODE	    000B
TIMER1				  CODE	    001B
TL0				  DATA	      8A
TL1				  DATA	      8B
TMOD				  DATA	      89
TR0				  BIT	      8C
TR1				  BIT	      8E
TXD				  BIT	      B1
WR				  BIT	      B6
